[debug] [2020-07-16T06:31:40.918Z] ----------------------------------------------------------------------
[debug] [2020-07-16T06:31:40.920Z] Command:       C:\Program Files\nodejs\node.exe C:\Users\2ndyrgroupb\AppData\Roaming\npm\node_modules\firebase-tools\lib\bin\firebase.js deploy
[debug] [2020-07-16T06:31:40.921Z] CLI Version:   8.3.0
[debug] [2020-07-16T06:31:40.921Z] Platform:      win32
[debug] [2020-07-16T06:31:40.921Z] Node Version:  v10.15.3
[debug] [2020-07-16T06:31:40.923Z] Time:          Thu Jul 16 2020 14:31:40 GMT+0800 (Taipei Standard Time)
[debug] [2020-07-16T06:31:40.923Z] ----------------------------------------------------------------------
[debug] [2020-07-16T06:31:40.923Z] 
[debug] [2020-07-16T06:31:40.970Z] > command requires scopes: ["email","openid","https://www.googleapis.com/auth/cloudplatformprojects.readonly","https://www.googleapis.com/auth/firebase","https://www.googleapis.com/auth/cloud-platform"]
[debug] [2020-07-16T06:31:40.971Z] > authorizing via signed-in user
[debug] [2020-07-16T06:31:40.971Z] [iam] checking project pnp-event for permissions ["firebase.projects.get","firebasehosting.sites.update"]
[debug] [2020-07-16T06:31:40.974Z] > refreshing access token with scopes: ["email","https://www.googleapis.com/auth/cloud-platform","https://www.googleapis.com/auth/cloudplatformprojects.readonly","https://www.googleapis.com/auth/firebase","openid"]
[debug] [2020-07-16T06:31:40.974Z] >>> HTTP REQUEST POST https://www.googleapis.com/oauth2/v3/token  
 <request body omitted>
[debug] [2020-07-16T06:31:41.331Z] <<< HTTP RESPONSE 200 {"content-type":"application/json; charset=utf-8","vary":"X-Origin, Referer, Origin,Accept-Encoding","date":"Thu, 16 Jul 2020 06:33:37 GMT","server":"scaffolding on HTTPServer2","cache-control":"private","x-xss-protection":"0","x-frame-options":"SAMEORIGIN","x-content-type-options":"nosniff","alt-svc":"h3-29=\":443\"; ma=2592000,h3-27=\":443\"; ma=2592000,h3-25=\":443\"; ma=2592000,h3-T050=\":443\"; ma=2592000,h3-Q050=\":443\"; ma=2592000,h3-Q046=\":443\"; ma=2592000,h3-Q043=\":443\"; ma=2592000,quic=\":443\"; ma=2592000; v=\"46,43\"","accept-ranges":"none","transfer-encoding":"chunked"}
[debug] [2020-07-16T06:31:41.390Z] >>> HTTP REQUEST POST https://cloudresourcemanager.googleapis.com/v1/projects/pnp-event:testIamPermissions  
 {"permissions":["firebase.projects.get","firebasehosting.sites.update"]}
[debug] [2020-07-16T06:31:42.895Z] <<< HTTP RESPONSE 200 {"content-type":"application/json; charset=UTF-8","vary":"X-Origin, Referer, Origin,Accept-Encoding","date":"Thu, 16 Jul 2020 06:33:39 GMT","server":"ESF","cache-control":"private","x-xss-protection":"0","x-frame-options":"SAMEORIGIN","x-content-type-options":"nosniff","server-timing":"gfet4t7; dur=953","alt-svc":"h3-29=\":443\"; ma=2592000,h3-27=\":443\"; ma=2592000,h3-25=\":443\"; ma=2592000,h3-T050=\":443\"; ma=2592000,h3-Q050=\":443\"; ma=2592000,h3-Q046=\":443\"; ma=2592000,h3-Q043=\":443\"; ma=2592000,quic=\":443\"; ma=2592000; v=\"46,43\"","accept-ranges":"none","transfer-encoding":"chunked"}
[debug] [2020-07-16T06:31:42.896Z] [iam] error while checking permissions, command may fail: FirebaseError: Authorization failed. This account is missing the following required permissions on project pnp-event:

  firebase.projects.get
  firebasehosting.sites.update
[debug] [2020-07-16T06:31:42.897Z] >>> HTTP REQUEST GET https://firebase.googleapis.com/v1beta1/projects/pnp-event  
 
[debug] [2020-07-16T06:31:43.519Z] <<< HTTP RESPONSE 403 {"vary":"X-Origin, Referer, Origin,Accept-Encoding","content-type":"application/json; charset=UTF-8","date":"Thu, 16 Jul 2020 06:33:39 GMT","server":"ESF","cache-control":"private","x-xss-protection":"0","x-frame-options":"SAMEORIGIN","x-content-type-options":"nosniff","alt-svc":"h3-29=\":443\"; ma=2592000,h3-27=\":443\"; ma=2592000,h3-25=\":443\"; ma=2592000,h3-T050=\":443\"; ma=2592000,h3-Q050=\":443\"; ma=2592000,h3-Q046=\":443\"; ma=2592000,h3-Q043=\":443\"; ma=2592000,quic=\":443\"; ma=2592000; v=\"46,43\"","accept-ranges":"none","transfer-encoding":"chunked"}
[debug] [2020-07-16T06:31:43.519Z] <<< HTTP RESPONSE BODY {"error":{"code":403,"message":"The caller does not have permission","status":"PERMISSION_DENIED"}}
[debug] [2020-07-16T06:31:43.522Z] HTTP Error: 403, The caller does not have permission
[debug] [2020-07-16T06:31:44.176Z] FirebaseError: HTTP Error: 403, The caller does not have permission
    at module.exports (C:\Users\2ndyrgroupb\AppData\Roaming\npm\node_modules\firebase-tools\lib\responseToError.js:38:12)
    at Request._callback (C:\Users\2ndyrgroupb\AppData\Roaming\npm\node_modules\firebase-tools\lib\api.js:41:35)
    at Request.self.callback (C:\Users\2ndyrgroupb\AppData\Roaming\npm\node_modules\firebase-tools\node_modules\request\request.js:185:22)
    at Request.emit (events.js:189:13)
    at Request.EventEmitter.emit (domain.js:441:20)
    at Request.<anonymous> (C:\Users\2ndyrgroupb\AppData\Roaming\npm\node_modules\firebase-tools\node_modules\request\request.js:1154:10)
    at Request.emit (events.js:189:13)
    at Request.EventEmitter.emit (domain.js:441:20)
    at IncomingMessage.<anonymous> (C:\Users\2ndyrgroupb\AppData\Roaming\npm\node_modules\firebase-tools\node_modules\request\request.js:1076:12)
    at Object.onceWrapper (events.js:277:13)
    at IncomingMessage.emit (events.js:194:15)
    at IncomingMessage.EventEmitter.emit (domain.js:441:20)
    at endReadableNT (_stream_readable.js:1125:12)
    at process._tickCallback (internal/process/next_tick.js:63:19)
[error] 
[error] Error: Failed to get Firebase project pnp-event. Please make sure the project exists and your account has permission to access it.
[debug] [2020-07-16T08:02:38.269Z] ----------------------------------------------------------------------
[debug] [2020-07-16T08:02:38.272Z] Command:       C:\Program Files\nodejs\node.exe C:\Users\2ndyrgroupb\AppData\Roaming\npm\node_modules\firebase-tools\lib\bin\firebase.js deploy
[debug] [2020-07-16T08:02:38.273Z] CLI Version:   8.3.0
[debug] [2020-07-16T08:02:38.273Z] Platform:      win32
[debug] [2020-07-16T08:02:38.273Z] Node Version:  v10.15.3
[debug] [2020-07-16T08:02:38.274Z] Time:          Thu Jul 16 2020 16:02:38 GMT+0800 (Taipei Standard Time)
[debug] [2020-07-16T08:02:38.275Z] ----------------------------------------------------------------------
[debug] [2020-07-16T08:02:38.275Z] 
[debug] [2020-07-16T08:02:38.381Z] > command requires scopes: ["email","openid","https://www.googleapis.com/auth/cloudplatformprojects.readonly","https://www.googleapis.com/auth/firebase","https://www.googleapis.com/auth/cloud-platform"]
[debug] [2020-07-16T08:02:38.381Z] > authorizing via signed-in user
[debug] [2020-07-16T08:02:38.382Z] [iam] checking project pnp-event for permissions ["firebase.projects.get","firebasehosting.sites.update"]
[debug] [2020-07-16T08:02:38.386Z] > refreshing access token with scopes: ["email","https://www.googleapis.com/auth/cloud-platform","https://www.googleapis.com/auth/cloudplatformprojects.readonly","https://www.googleapis.com/auth/firebase","openid"]
[debug] [2020-07-16T08:02:38.386Z] >>> HTTP REQUEST POST https://www.googleapis.com/oauth2/v3/token  
 <request body omitted>
[debug] [2020-07-16T08:02:38.765Z] <<< HTTP RESPONSE 200 {"content-type":"application/json; charset=utf-8","vary":"X-Origin, Referer, Origin,Accept-Encoding","date":"Thu, 16 Jul 2020 08:04:35 GMT","server":"scaffolding on HTTPServer2","cache-control":"private","x-xss-protection":"0","x-frame-options":"SAMEORIGIN","x-content-type-options":"nosniff","alt-svc":"h3-29=\":443\"; ma=2592000,h3-27=\":443\"; ma=2592000,h3-25=\":443\"; ma=2592000,h3-T050=\":443\"; ma=2592000,h3-Q050=\":443\"; ma=2592000,h3-Q046=\":443\"; ma=2592000,h3-Q043=\":443\"; ma=2592000,quic=\":443\"; ma=2592000; v=\"46,43\"","accept-ranges":"none","transfer-encoding":"chunked"}
[debug] [2020-07-16T08:02:38.852Z] >>> HTTP REQUEST POST https://cloudresourcemanager.googleapis.com/v1/projects/pnp-event:testIamPermissions  
 {"permissions":["firebase.projects.get","firebasehosting.sites.update"]}
[debug] [2020-07-16T08:02:39.995Z] <<< HTTP RESPONSE 200 {"content-type":"application/json; charset=UTF-8","vary":"X-Origin, Referer, Origin,Accept-Encoding","date":"Thu, 16 Jul 2020 08:04:36 GMT","server":"ESF","cache-control":"private","x-xss-protection":"0","x-frame-options":"SAMEORIGIN","x-content-type-options":"nosniff","server-timing":"gfet4t7; dur=922","alt-svc":"h3-29=\":443\"; ma=2592000,h3-27=\":443\"; ma=2592000,h3-25=\":443\"; ma=2592000,h3-T050=\":443\"; ma=2592000,h3-Q050=\":443\"; ma=2592000,h3-Q046=\":443\"; ma=2592000,h3-Q043=\":443\"; ma=2592000,quic=\":443\"; ma=2592000; v=\"46,43\"","accept-ranges":"none","transfer-encoding":"chunked"}
[debug] [2020-07-16T08:02:40.021Z] [iam] error while checking permissions, command may fail: FirebaseError: Authorization failed. This account is missing the following required permissions on project pnp-event:

  firebase.projects.get
  firebasehosting.sites.update
[debug] [2020-07-16T08:02:40.022Z] >>> HTTP REQUEST GET https://firebase.googleapis.com/v1beta1/projects/pnp-event  
 
[debug] [2020-07-16T08:02:40.634Z] <<< HTTP RESPONSE 403 {"vary":"X-Origin, Referer, Origin,Accept-Encoding","content-type":"application/json; charset=UTF-8","date":"Thu, 16 Jul 2020 08:04:37 GMT","server":"ESF","cache-control":"private","x-xss-protection":"0","x-frame-options":"SAMEORIGIN","x-content-type-options":"nosniff","alt-svc":"h3-29=\":443\"; ma=2592000,h3-27=\":443\"; ma=2592000,h3-25=\":443\"; ma=2592000,h3-T050=\":443\"; ma=2592000,h3-Q050=\":443\"; ma=2592000,h3-Q046=\":443\"; ma=2592000,h3-Q043=\":443\"; ma=2592000,quic=\":443\"; ma=2592000; v=\"46,43\"","accept-ranges":"none","transfer-encoding":"chunked"}
[debug] [2020-07-16T08:02:40.634Z] <<< HTTP RESPONSE BODY {"error":{"code":403,"message":"The caller does not have permission","status":"PERMISSION_DENIED"}}
[debug] [2020-07-16T08:02:40.813Z] HTTP Error: 403, The caller does not have permission
[debug] [2020-07-16T08:02:41.043Z] FirebaseError: HTTP Error: 403, The caller does not have permission
    at module.exports (C:\Users\2ndyrgroupb\AppData\Roaming\npm\node_modules\firebase-tools\lib\responseToError.js:38:12)
    at Request._callback (C:\Users\2ndyrgroupb\AppData\Roaming\npm\node_modules\firebase-tools\lib\api.js:41:35)
    at Request.self.callback (C:\Users\2ndyrgroupb\AppData\Roaming\npm\node_modules\firebase-tools\node_modules\request\request.js:185:22)
    at Request.emit (events.js:189:13)
    at Request.EventEmitter.emit (domain.js:441:20)
    at Request.<anonymous> (C:\Users\2ndyrgroupb\AppData\Roaming\npm\node_modules\firebase-tools\node_modules\request\request.js:1154:10)
    at Request.emit (events.js:189:13)
    at Request.EventEmitter.emit (domain.js:441:20)
    at IncomingMessage.<anonymous> (C:\Users\2ndyrgroupb\AppData\Roaming\npm\node_modules\firebase-tools\node_modules\request\request.js:1076:12)
    at Object.onceWrapper (events.js:277:13)
    at IncomingMessage.emit (events.js:194:15)
    at IncomingMessage.EventEmitter.emit (domain.js:441:20)
    at endReadableNT (_stream_readable.js:1125:12)
    at process._tickCallback (internal/process/next_tick.js:63:19)
[error] 
[error] Error: Failed to get Firebase project pnp-event. Please make sure the project exists and your account has permission to access it.
